# JRE version: OpenJDK Runtime Environment Temurin-21.0.3+9 (21.0.3+9) (build 21.0.3+9-LTS)
# Java VM: OpenJDK 64-Bit Server VM Temurin-21.0.3+9 (21.0.3+9-LTS, mixed mode, emulated-client, tiered, compressed oops, compressed class ptrs, g1 gc, windows-amd64)
GC Precious Log:
 CardTable entry size: 512
 Card Set container configuration: InlinePtr #cards 4 size 8 Array Of Cards #cards 16 size 48 Howl #buckets 8 coarsen threshold 3686 Howl Bitmap #cards 512 size 80 coarsen threshold 460 Card regions per heap region 1 cards per card region 4096
 CPUs: 16 total, 16 available
 Memory: 14188M
 Large Page Support: Disabled
 NUMA Support: Disabled
 Compressed Oops: Enabled (Zero based)
 Heap Region Size: 2M
 Heap Min Capacity: 8M
 Heap Initial Capacity: 222M
 Heap Max Capacity: 3548M
 Pre-touch: Disabled
 Parallel Workers: 13
 Concurrent Workers: 3
 Concurrent Refinement Workers: 13
 Periodic GC: Disabled
Heap:
 garbage-first heap   total 137216K, used 97513K [0x0000000722400000, 0x0000000800000000)
  region size 2048K, 32 young (65536K), 3 survivors (6144K)
 Metaspace       used 102807K, committed 103744K, reserved 1179648K
  class space    used 13884K, committed 14336K, reserved 1048576K
GC Heap History (20 events):
Event: 13348.605 GC heap before
{Heap before GC invocations=62 (full 5):
 garbage-first heap   total 131072K, used 105071K [0x0000000722400000, 0x0000000800000000)
  region size 2048K, 36 young (73728K), 4 survivors (8192K)
 Metaspace       used 102167K, committed 103104K, reserved 1179648K
  class space    used 13760K, committed 14208K, reserved 1048576K
}
Event: 13348.614 GC heap after
{Heap after GC invocations=63 (full 5):
 garbage-first heap   total 131072K, used 45482K [0x0000000722400000, 0x0000000800000000)
  region size 2048K, 4 young (8192K), 4 survivors (8192K)
 Metaspace       used 102167K, committed 103104K, reserved 1179648K
  class space    used 13760K, committed 14208K, reserved 1048576K
}
Event: 14892.526 GC heap before
{Heap before GC invocations=63 (full 5):
 garbage-first heap   total 131072K, used 106922K [0x0000000722400000, 0x0000000800000000)
  region size 2048K, 34 young (69632K), 4 survivors (8192K)
 Metaspace       used 102196K, committed 103104K, reserved 1179648K
  class space    used 13768K, committed 14208K, reserved 1048576K
}
Event: 14892.532 GC heap after
{Heap after GC invocations=64 (full 5):
 garbage-first heap   total 131072K, used 46838K [0x0000000722400000, 0x0000000800000000)
  region size 2048K, 1 young (2048K), 1 survivors (2048K)
 Metaspace       used 102196K, committed 103104K, reserved 1179648K
  class space    used 13768K, committed 14208K, reserved 1048576K
}
Event: 16506.485 GC heap before
{Heap before GC invocations=64 (full 5):
 garbage-first heap   total 131072K, used 108278K [0x0000000722400000, 0x0000000800000000)
  region size 2048K, 32 young (65536K), 1 survivors (2048K)
 Metaspace       used 102240K, committed 103168K, reserved 1179648K
  class space    used 13779K, committed 14208K, reserved 1048576K
}
Event: 16506.487 GC heap after
{Heap after GC invocations=65 (full 5):
 garbage-first heap   total 131072K, used 46371K [0x0000000722400000, 0x0000000800000000)
  region size 2048K, 1 young (2048K), 1 survivors (2048K)
 Metaspace       used 102240K, committed 103168K, reserved 1179648K
  class space    used 13779K, committed 14208K, reserved 1048576K
}
Event: 16552.029 GC heap before
{Heap before GC invocations=66 (full 5):
 garbage-first heap   total 131072K, used 50467K [0x0000000722400000, 0x0000000800000000)
  region size 2048K, 4 young (8192K), 1 survivors (2048K)
 Metaspace       used 101831K, committed 103168K, reserved 1179648K
  class space    used 13676K, committed 14208K, reserved 1048576K
}
Event: 16552.032 GC heap after
{Heap after GC invocations=67 (full 5):
 garbage-first heap   total 157696K, used 46300K [0x0000000722400000, 0x0000000800000000)
  region size 2048K, 1 young (2048K), 1 survivors (2048K)
 Metaspace       used 101831K, committed 103168K, reserved 1179648K
  class space    used 13676K, committed 14208K, reserved 1048576K
}
Event: 18464.656 GC heap before
{Heap before GC invocations=68 (full 5):
 garbage-first heap   total 157696K, used 132316K [0x0000000722400000, 0x0000000800000000)
  region size 2048K, 44 young (90112K), 1 survivors (2048K)
 Metaspace       used 101854K, committed 103168K, reserved 1179648K
  class space    used 13681K, committed 14208K, reserved 1048576K
}
Event: 18464.659 GC heap after
{Heap after GC invocations=69 (full 5):
 garbage-first heap   total 157696K, used 47245K [0x0000000722400000, 0x0000000800000000)
  region size 2048K, 1 young (2048K), 1 survivors (2048K)
 Metaspace       used 101854K, committed 103168K, reserved 1179648K
  class space    used 13681K, committed 14208K, reserved 1048576K
}
Event: 18700.329 GC heap before
{Heap before GC invocations=69 (full 5):
 garbage-first heap   total 157696K, used 75917K [0x0000000722400000, 0x0000000800000000)
  region size 2048K, 17 young (34816K), 1 survivors (2048K)
 Metaspace       used 101870K, committed 103168K, reserved 1179648K
  class space    used 13685K, committed 14208K, reserved 1048576K
}
Event: 18700.331 GC heap after
{Heap after GC invocations=70 (full 5):
 garbage-first heap   total 157696K, used 47138K [0x0000000722400000, 0x0000000800000000)
  region size 2048K, 1 young (2048K), 1 survivors (2048K)
 Metaspace       used 101870K, committed 103168K, reserved 1179648K
  class space    used 13685K, committed 14208K, reserved 1048576K
}
Event: 20041.190 GC heap before
{Heap before GC invocations=71 (full 5):
 garbage-first heap   total 157696K, used 137250K [0x0000000722400000, 0x0000000800000000)
  region size 2048K, 46 young (94208K), 1 survivors (2048K)
 Metaspace       used 101268K, committed 102976K, reserved 1179648K
  class space    used 13642K, committed 14208K, reserved 1048576K
}
Event: 20041.192 GC heap after
{Heap after GC invocations=72 (full 5):
 garbage-first heap   total 157696K, used 47153K [0x0000000722400000, 0x0000000800000000)
  region size 2048K, 1 young (2048K), 1 survivors (2048K)
 Metaspace       used 101268K, committed 102976K, reserved 1179648K
  class space    used 13642K, committed 14208K, reserved 1048576K
}
Event: 21673.449 GC heap before
{Heap before GC invocations=72 (full 5):
 garbage-first heap   total 157696K, used 116785K [0x0000000722400000, 0x0000000800000000)
  region size 2048K, 37 young (75776K), 1 survivors (2048K)
 Metaspace       used 101936K, committed 102976K, reserved 1179648K
  class space    used 13759K, committed 14208K, reserved 1048576K
}
Event: 21673.503 GC heap after
{Heap after GC invocations=73 (full 6):
 garbage-first heap   total 137216K, used 34281K [0x0000000722400000, 0x0000000800000000)
  region size 2048K, 0 young (0K), 0 survivors (0K)
 Metaspace       used 101887K, committed 102976K, reserved 1179648K
  class space    used 13745K, committed 14208K, reserved 1048576K
}
Event: 21673.649 GC heap before
{Heap before GC invocations=73 (full 6):
 garbage-first heap   total 137216K, used 42473K [0x0000000722400000, 0x0000000800000000)
  region size 2048K, 5 young (10240K), 0 survivors (0K)
 Metaspace       used 101949K, committed 102976K, reserved 1179648K
  class space    used 13757K, committed 14208K, reserved 1048576K
}
Event: 21673.651 GC heap after
{Heap after GC invocations=74 (full 6):
 garbage-first heap   total 137216K, used 36074K [0x0000000722400000, 0x0000000800000000)
  region size 2048K, 1 young (2048K), 1 survivors (2048K)
 Metaspace       used 101949K, committed 102976K, reserved 1179648K
  class space    used 13757K, committed 14208K, reserved 1048576K
}
Event: 21674.144 GC heap before
{Heap before GC invocations=75 (full 6):
 garbage-first heap   total 137216K, used 83178K [0x0000000722400000, 0x0000000800000000)
  region size 2048K, 26 young (53248K), 1 survivors (2048K)
 Metaspace       used 102195K, committed 103040K, reserved 1179648K
  class space    used 13804K, committed 14208K, reserved 1048576K
}
Event: 21674.147 GC heap after
{Heap after GC invocations=76 (full 6):
 garbage-first heap   total 137216K, used 40169K [0x0000000722400000, 0x0000000800000000)
  region size 2048K, 3 young (6144K), 3 survivors (6144K)
 Metaspace       used 102195K, committed 103040K, reserved 1179648K
  class space    used 13804K, committed 14208K, reserved 1048576K
}

